[2018-02-25 17:40:59] eseye.INFO: [http 200, ok] post -> https://login.eveonline.com/oauth/token/?grant_type=refresh_token [t/e: 0.23s/]
[2018-02-25 17:41:00] eseye.INFO: [http 200, ok] get -> https://login.eveonline.com/oauth/verify/ [t/e: 0.19s/]
[2018-02-25 17:41:00] eseye.WARNING: An unknown URI was called. Allowing /characters/{character_id}/portrait
[2018-02-25 17:41:00] eseye.INFO: [http 200, ok] get -> https://esi.tech.ccp.is/latest/characters/92360452/portrait?datasource=tranquility [t/e: 0.20s/100]
[2018-02-26 10:55:22] eseye.INFO: [http 200, ok] post -> https://login.eveonline.com/oauth/token/?grant_type=refresh_token [t/e: 0.23s/]
[2018-02-26 10:55:22] eseye.INFO: [http 200, ok] get -> https://login.eveonline.com/oauth/verify/ [t/e: 0.20s/]
[2018-02-26 10:55:22] eseye.WARNING: An unknown URI was called. Allowing /characters/{character_id}/portrait
[2018-02-26 10:56:51] eseye.INFO: [http 200, ok] post -> https://login.eveonline.com/oauth/token/?grant_type=refresh_token [t/e: 0.24s/]
[2018-02-26 10:56:51] eseye.INFO: [http 200, ok] get -> https://login.eveonline.com/oauth/verify/ [t/e: 0.19s/]
[2018-02-26 10:56:51] eseye.WARNING: An unknown URI was called. Allowing /characters/{character_id}/portrait
[2018-02-26 10:56:52] eseye.INFO: [http 200, ok] get -> https://esi.tech.ccp.is/latest/characters/92360452/portrait?datasource=tranquility [t/e: 0.20s/100]


test[2018-02-27 21:42:35] eseye.INFO: [http 200, ok] post -> https://login.eveonline.com/oauth/token/?grant_type=refresh_token [t/e: 0.26s/]
[2018-02-27 21:42:36] eseye.INFO: [http 200, ok] get -> https://login.eveonline.com/oauth/verify/ [t/e: 1.20s/]
[2018-02-27 21:42:36] eseye.WARNING: An unknown URI was called. Allowing /characters/{character_id}/portrait
[2018-02-27 21:42:36] eseye.INFO: [http 200, ok] get -> https://esi.tech.ccp.is/latest/characters/1046318297/portrait?datasource=tranquility [t/e: 0.22s/100]
[2018-02-27 21:45:42] eseye.INFO: [http 200, ok] post -> https://login.eveonline.com/oauth/token/?grant_type=refresh_token [t/e: 0.19s/]
[2018-02-27 21:45:42] eseye.INFO: [http 200, ok] get -> https://login.eveonline.com/oauth/verify/ [t/e: 0.19s/]
[2018-02-27 21:45:42] eseye.WARNING: An unknown URI was called. Allowing /characters/{character_id}/portrait
[2018-02-27 21:45:42] eseye.INFO: [http 200, ok] get -> https://esi.tech.ccp.is/latest/characters/95166191/portrait?datasource=tranquility [t/e: 0.21s/100]
[2018-02-28 11:36:55] eseye.INFO: [http 200, ok] post -> https://login.eveonline.com/oauth/token/?grant_type=refresh_token [t/e: 0.49s/]
[2018-02-28 11:36:55] eseye.INFO: [http 200, ok] get -> https://login.eveonline.com/oauth/verify/ [t/e: 0.20s/]
[2018-02-28 11:36:55] eseye.WARNING: An unknown URI was called. Allowing /characters/{character_id}/portrait
[2018-02-28 11:36:55] eseye.INFO: [http 200, ok] get -> https://esi.tech.ccp.is/latest/characters/90950663/portrait?datasource=tranquility [t/e: 0.21s/100]
[2018-03-14 23:25:42] eseye.INFO: [http 200, ok] post -> https://login.eveonline.com/oauth/token/?grant_type=refresh_token [t/e: 0.22s/]
[2018-03-14 23:25:42] eseye.INFO: [http 200, ok] get -> https://login.eveonline.com/oauth/verify/ [t/e: 0.19s/]
[2018-03-14 23:25:42] eseye.WARNING: An unknown URI was called. Allowing /characters/{character_id}/portrait
[2018-03-14 23:25:42] eseye.INFO: [http 200, ok] get -> https://esi.tech.ccp.is/latest/characters/480126958/portrait?datasource=tranquility [t/e: 0.22s/100]
